Using pre-set license
Built from '2022.3/staging' branch; Version is '2022.3.13f1 (5f90a5ebde0f) revision 6262949'; Using compiler version '192829333'; Build Type 'Release'
OS: 'Windows 11  (10.0.22621) 64bit Professional' Language: 'en' Physical Memory: 14226 MB
BatchMode: 1, IsHumanControllingUs: 0, StartBugReporterOnCrash: 0, Is64bit: 1, IsPro: 1

COMMAND LINE ARGUMENTS:
D:\Program Files\Unity Hub\Editors\2022.3.13f1\Editor\Unity.exe
-adb2
-batchMode
-noUpm
-name
AssetImportWorker0
-projectPath
D:/Users/mykhe/OneDrive/Documents/GAMENET/Module 2
-logFile
Logs/AssetImportWorker0.log
-srvPort
62684
Successfully changed project path to: D:/Users/mykhe/OneDrive/Documents/GAMENET/Module 2
D:/Users/mykhe/OneDrive/Documents/GAMENET/Module 2
[UnityMemory] Configuration Parameters - Can be set up in boot.config
    "memorysetup-bucket-allocator-granularity=16"
    "memorysetup-bucket-allocator-bucket-count=8"
    "memorysetup-bucket-allocator-block-size=33554432"
    "memorysetup-bucket-allocator-block-count=8"
    "memorysetup-main-allocator-block-size=16777216"
    "memorysetup-thread-allocator-block-size=16777216"
    "memorysetup-gfx-main-allocator-block-size=16777216"
    "memorysetup-gfx-thread-allocator-block-size=16777216"
    "memorysetup-cache-allocator-block-size=4194304"
    "memorysetup-typetree-allocator-block-size=2097152"
    "memorysetup-profiler-bucket-allocator-granularity=16"
    "memorysetup-profiler-bucket-allocator-bucket-count=8"
    "memorysetup-profiler-bucket-allocator-block-size=33554432"
    "memorysetup-profiler-bucket-allocator-block-count=8"
    "memorysetup-profiler-allocator-block-size=16777216"
    "memorysetup-profiler-editor-allocator-block-size=1048576"
    "memorysetup-temp-allocator-size-main=16777216"
    "memorysetup-job-temp-allocator-block-size=2097152"
    "memorysetup-job-temp-allocator-block-size-background=1048576"
    "memorysetup-job-temp-allocator-reduction-small-platforms=262144"
    "memorysetup-allocator-temp-initial-block-size-main=262144"
    "memorysetup-allocator-temp-initial-block-size-worker=262144"
    "memorysetup-temp-allocator-size-background-worker=32768"
    "memorysetup-temp-allocator-size-job-worker=262144"
    "memorysetup-temp-allocator-size-preload-manager=33554432"
    "memorysetup-temp-allocator-size-nav-mesh-worker=65536"
    "memorysetup-temp-allocator-size-audio-worker=65536"
    "memorysetup-temp-allocator-size-cloud-worker=32768"
    "memorysetup-temp-allocator-size-gi-baking-worker=262144"
    "memorysetup-temp-allocator-size-gfx=262144"
Player connection [14512] Host "[IP] 192.168.1.9 [Port] 0 [Flags] 2 [Guid] 3252893010 [EditorId] 3252893010 [Version] 1048832 [Id] WindowsEditor(7,Diane) [Debug] 1 [PackageName] WindowsEditor [ProjectName] Editor" joined multi-casting on [225.0.0.222:54997]...

Player connection [14512] Host "[IP] 192.168.1.9 [Port] 0 [Flags] 2 [Guid] 3252893010 [EditorId] 3252893010 [Version] 1048832 [Id] WindowsEditor(7,Diane) [Debug] 1 [PackageName] WindowsEditor [ProjectName] Editor" joined alternative multi-casting on [225.0.0.222:34997]...

[Physics::Module] Initialized MultithreadedJobDispatcher with 11 workers.
Refreshing native plugins compatible for Editor in 23.58 ms, found 3 plugins.
Preloading 0 native plugins for Editor in 0.00 ms.
Initialize engine version: 2022.3.13f1 (5f90a5ebde0f)
[Subsystems] Discovering subsystems at path D:/Program Files/Unity Hub/Editors/2022.3.13f1/Editor/Data/Resources/UnitySubsystems
[Subsystems] Discovering subsystems at path D:/Users/mykhe/OneDrive/Documents/GAMENET/Module 2/Assets
GfxDevice: creating device client; threaded=0; jobified=0
Direct3D:
    Version:  Direct3D 11.0 [level 11.1]
    Renderer: NVIDIA GeForce RTX 4060 (ID=0x2882)
    Vendor:   NVIDIA
    VRAM:     7971 MB
    Driver:   31.0.15.4629
Initialize mono
Mono path[0] = 'D:/Program Files/Unity Hub/Editors/2022.3.13f1/Editor/Data/Managed'
Mono path[1] = 'D:/Program Files/Unity Hub/Editors/2022.3.13f1/Editor/Data/MonoBleedingEdge/lib/mono/unityjit-win32'
Mono config path = 'D:/Program Files/Unity Hub/Editors/2022.3.13f1/Editor/Data/MonoBleedingEdge/etc'
Using monoOptions --debugger-agent=transport=dt_socket,embedding=1,server=y,suspend=n,address=127.0.0.1:56964
Begin MonoManager ReloadAssembly
Registering precompiled unity dll's ...
Register platform support module: D:/Program Files/Unity Hub/Editors/2022.3.13f1/Editor/Data/PlaybackEngines/AndroidPlayer/UnityEditor.Android.Extensions.dll
Register platform support module: D:/Program Files/Unity Hub/Editors/2022.3.13f1/Editor/Data/PlaybackEngines/WindowsStandaloneSupport/UnityEditor.WindowsStandalone.Extensions.dll
Registered in 0.023241 seconds.
- Loaded All Assemblies, in  0.400 seconds
Native extension for WindowsStandalone target not found
Native extension for Android target not found
Android Extension - Scanning For ADB Devices 253 ms
Mono: successfully reloaded assembly
- Finished resetting the current domain, in  0.550 seconds
Domain Reload Profiling: 944ms
	BeginReloadAssembly (135ms)
		ExecutionOrderSort (0ms)
		DisableScriptedObjects (0ms)
		BackupInstance (0ms)
		ReleaseScriptingObjects (0ms)
		CreateAndSetChildDomain (1ms)
	RebuildCommonClasses (33ms)
	RebuildNativeTypeToScriptingClass (8ms)
	initialDomainReloadingComplete (81ms)
	LoadAllAssembliesAndSetupDomain (137ms)
		LoadAssemblies (131ms)
		RebuildTransferFunctionScriptingTraits (0ms)
		AnalyzeDomain (134ms)
			TypeCache.Refresh (133ms)
				TypeCache.ScanAssembly (122ms)
			ScanForSourceGeneratedMonoScriptInfo (0ms)
			ResolveRequiredComponents (0ms)
	FinalizeReload (550ms)
		ReleaseScriptCaches (0ms)
		RebuildScriptCaches (0ms)
		SetupLoadedEditorAssemblies (501ms)
			LogAssemblyErrors (0ms)
			InitializePlatformSupportModulesInManaged (375ms)
			SetLoadedEditorAssemblies (5ms)
			RefreshPlugins (0ms)
			BeforeProcessingInitializeOnLoad (2ms)
			ProcessInitializeOnLoadAttributes (82ms)
			ProcessInitializeOnLoadMethodAttributes (38ms)
			AfterProcessingInitializeOnLoad (0ms)
			EditorAssembliesLoaded (0ms)
		ExecutionOrderSort2 (0ms)
		AwakeInstancesAfterBackupRestoration (0ms)
========================================================================
Worker process is ready to serve import requests
Begin MonoManager ReloadAssembly
- Loaded All Assemblies, in  0.865 seconds
Refreshing native plugins compatible for Editor in 15.98 ms, found 3 plugins.
Native extension for WindowsStandalone target not found
Native extension for Android target not found
Package Manager log level set to [2]
[Package Manager] Server::EnsureServerProcessIsRunning -- launch failed, reason: Unity was launched with the -noUpm command-line argument
[Package Manager] UpmClient::Send -- Unable to send message (not connected to UPM process).
[Package Manager] Cannot connect to Unity Package Manager local server
Mono: successfully reloaded assembly
[Package Manager] Server::EnsureServerProcessIsRunning -- launch failed, reason: Unity was launched with the -noUpm command-line argument
[Package Manager] UpmClient::Send -- Unable to send message (not connected to UPM process).
[Package Manager] Cannot connect to Unity Package Manager local server
[Package Manager] Server::EnsureServerProcessIsRunning -- launch failed, reason: Unity was launched with the -noUpm command-line argument
[Package Manager] UpmClient::Send -- Unable to send message (not connected to UPM process).
[Package Manager] Cannot connect to Unity Package Manager local server
- Finished resetting the current domain, in  0.632 seconds
Domain Reload Profiling: 1483ms
	BeginReloadAssembly (191ms)
		ExecutionOrderSort (0ms)
		DisableScriptedObjects (5ms)
		BackupInstance (0ms)
		ReleaseScriptingObjects (0ms)
		CreateAndSetChildDomain (22ms)
	RebuildCommonClasses (32ms)
	RebuildNativeTypeToScriptingClass (10ms)
	initialDomainReloadingComplete (59ms)
	LoadAllAssembliesAndSetupDomain (559ms)
		LoadAssemblies (512ms)
		RebuildTransferFunctionScriptingTraits (0ms)
		AnalyzeDomain (175ms)
			TypeCache.Refresh (144ms)
				TypeCache.ScanAssembly (126ms)
			ScanForSourceGeneratedMonoScriptInfo (21ms)
			ResolveRequiredComponents (8ms)
	FinalizeReload (632ms)
		ReleaseScriptCaches (0ms)
		RebuildScriptCaches (0ms)
		SetupLoadedEditorAssemblies (476ms)
			LogAssemblyErrors (0ms)
			InitializePlatformSupportModulesInManaged (32ms)
			SetLoadedEditorAssemblies (5ms)
			RefreshPlugins (0ms)
			BeforeProcessingInitializeOnLoad (105ms)
			ProcessInitializeOnLoadAttributes (288ms)
			ProcessInitializeOnLoadMethodAttributes (23ms)
			AfterProcessingInitializeOnLoad (23ms)
			EditorAssembliesLoaded (0ms)
		ExecutionOrderSort2 (0ms)
		AwakeInstancesAfterBackupRestoration (6ms)
Launched and connected shader compiler UnityShaderCompiler.exe after 0.06 seconds
Refreshing native plugins compatible for Editor in 26.61 ms, found 3 plugins.
Preloading 0 native plugins for Editor in 0.00 ms.
Unloading 3588 Unused Serialized files (Serialized files now loaded: 0)
Unloading 51 unused Assets / (65.5 KB). Loaded Objects now: 4042.
Memory consumption went from 146.0 MB to 145.9 MB.
Total: 3.760400 ms (FindLiveObjects: 0.319200 ms CreateObjectMapping: 0.308500 ms MarkObjects: 2.962400 ms  DeleteObjects: 0.168800 ms)

AssetImportParameters requested are different than current active one (requested -> active):
  custom:container-demuxer-ogg: 62fdf1f143b41e24485cea50d1cbac27 -> 
  custom:video-decoder-ogg-theora: a1e56fd34408186e4bbccfd4996cb3dc -> 
  custom:framework-win-MediaFoundation: 216162199b28c13a410421893ffa2e32 -> 
  custom:CustomObjectIndexerAttribute: 756ad292c208cfabdd7b50bc23989ffe -> 
  custom:container-demuxer-webm: 4f35f7cbe854078d1ac9338744f61a02 -> 
  custom:container-muxer-webm: aa71ff27fc2769a1b78a27578f13a17b -> 
  custom:video-decoder-webm-vp8: 9c59270c3fd7afecdb556c50c9e8de78 -> 
  custom:SearchIndexIgnoredProperties: e643bd26f0fe6173181afceb89e7c659 -> 
  custom:AudioImporter_EditorPlatform: d09bf68614088b80899f8185d706f6e7 -> 
  custom:video-encoder-webm-vp8: eb34c28f22e8b96e1ab97ce403110664 -> 
  custom:audio-decoder-ogg-vorbis: bf7c407c2cedff20999df2af8eb42d56 -> 
  custom:audio-encoder-webm-vorbis: bf7c407c2cedff20999df2af8eb42d56 -> 
========================================================================
Received Import Request.
  Time since last request: 83621.105654 seconds.
  path: Assets/Desert Environment/Example.unity
  artifactKey: Guid(c150696d1445fe94889bb45f7d0901a0) Importer(815301076,1909f56bfc062723c751e8b465ee728b)
Start importing Assets/Desert Environment/Example.unity using Guid(c150696d1445fe94889bb45f7d0901a0) Importer(815301076,1909f56bfc062723c751e8b465ee728b)  -> (artifact id: '2fd1975e6e18e4f766d93bf743374e9a') in 0.002382 seconds
Number of updated asset objects reloaded before import = 0
Number of asset objects unloaded after import = 0
========================================================================
Received Import Request.
  Time since last request: 6.139522 seconds.
  path: Assets/Desert Environment/Models
  artifactKey: Guid(15a11a599648b584dad9fc8e54ccf58c) Importer(815301076,1909f56bfc062723c751e8b465ee728b)
Start importing Assets/Desert Environment/Models using Guid(15a11a599648b584dad9fc8e54ccf58c) Importer(815301076,1909f56bfc062723c751e8b465ee728b)  -> (artifact id: 'aedc9258bcf59348a75ea022ad59e38f') in 0.000486 seconds
Number of updated asset objects reloaded before import = 0
Number of asset objects unloaded after import = 0
========================================================================
Received Import Request.
  Time since last request: 1.108942 seconds.
  path: Assets/Desert Environment/Models/Environment
  artifactKey: Guid(5cf6fd7d119c1f74ca787272b842c141) Importer(815301076,1909f56bfc062723c751e8b465ee728b)
Start importing Assets/Desert Environment/Models/Environment using Guid(5cf6fd7d119c1f74ca787272b842c141) Importer(815301076,1909f56bfc062723c751e8b465ee728b)  -> (artifact id: '94854e8fdf4a31d0528ab53a5151897c') in 0.000568 seconds
Number of updated asset objects reloaded before import = 0
Number of asset objects unloaded after import = 0
========================================================================
Received Import Request.
  Time since last request: 0.798549 seconds.
  path: Assets/Desert Environment/Models/Environment/Ground
  artifactKey: Guid(d4386e509e2c76049a72deaf1ff7b80d) Importer(815301076,1909f56bfc062723c751e8b465ee728b)
Start importing Assets/Desert Environment/Models/Environment/Ground using Guid(d4386e509e2c76049a72deaf1ff7b80d) Importer(815301076,1909f56bfc062723c751e8b465ee728b)  -> (artifact id: '6279b96f942cea28cc9231308e9d43a9') in 0.000485 seconds
Number of updated asset objects reloaded before import = 0
Number of asset objects unloaded after import = 0
========================================================================
Received Import Request.
  Time since last request: 0.057387 seconds.
  path: Assets/Desert Environment/Models/Environment/Ground/Ground.mat
  artifactKey: Guid(3d799a37e933a9b4b92692fd55087b63) Importer(815301076,1909f56bfc062723c751e8b465ee728b)
Start importing Assets/Desert Environment/Models/Environment/Ground/Ground.mat using Guid(3d799a37e933a9b4b92692fd55087b63) Importer(815301076,1909f56bfc062723c751e8b465ee728b)  -> (artifact id: '8f22467c02f25f7fdf3a235955ab2481') in 0.071698 seconds
Number of updated asset objects reloaded before import = 0
Number of asset objects unloaded after import = 1
========================================================================
Received Import Request.
  Time since last request: 0.731962 seconds.
  path: Assets/Desert Environment/Models/Environment/Ground/Textures
  artifactKey: Guid(983123b3ee49d7544b8038d7d01b900d) Importer(815301076,1909f56bfc062723c751e8b465ee728b)
Start importing Assets/Desert Environment/Models/Environment/Ground/Textures using Guid(983123b3ee49d7544b8038d7d01b900d) Importer(815301076,1909f56bfc062723c751e8b465ee728b)  -> (artifact id: '48e2752ad77bebf16d44a716939f2ac5') in 0.000449 seconds
Number of updated asset objects reloaded before import = 0
Number of asset objects unloaded after import = 0
========================================================================
Received Prepare
Begin MonoManager ReloadAssembly
- Loaded All Assemblies, in  0.696 seconds
Refreshing native plugins compatible for Editor in 17.15 ms, found 3 plugins.
Native extension for WindowsStandalone target not found
Native extension for Android target not found
[Package Manager] Server::EnsureServerProcessIsRunning -- launch failed, reason: Unity was launched with the -noUpm command-line argument
[Package Manager] UpmClient::Send -- Unable to send message (not connected to UPM process).
[Package Manager] Cannot connect to Unity Package Manager local server
Mono: successfully reloaded assembly
[Package Manager] Server::EnsureServerProcessIsRunning -- launch failed, reason: Unity was launched with the -noUpm command-line argument
[Package Manager] UpmClient::Send -- Unable to send message (not connected to UPM process).
[Package Manager] Cannot connect to Unity Package Manager local server
- Finished resetting the current domain, in  1.200 seconds
Domain Reload Profiling: 1884ms
	BeginReloadAssembly (183ms)
		ExecutionOrderSort (0ms)
		DisableScriptedObjects (4ms)
		BackupInstance (0ms)
		ReleaseScriptingObjects (0ms)
		CreateAndSetChildDomain (32ms)
	RebuildCommonClasses (35ms)
	RebuildNativeTypeToScriptingClass (11ms)
	initialDomainReloadingComplete (41ms)
	LoadAllAssembliesAndSetupDomain (414ms)
		LoadAssemblies (497ms)
		RebuildTransferFunctionScriptingTraits (0ms)
		AnalyzeDomain (28ms)
			TypeCache.Refresh (9ms)
				TypeCache.ScanAssembly (2ms)
			ScanForSourceGeneratedMonoScriptInfo (10ms)
			ResolveRequiredComponents (7ms)
	FinalizeReload (1200ms)
		ReleaseScriptCaches (0ms)
		RebuildScriptCaches (0ms)
		SetupLoadedEditorAssemblies (405ms)
			LogAssemblyErrors (0ms)
			InitializePlatformSupportModulesInManaged (31ms)
			SetLoadedEditorAssemblies (5ms)
			RefreshPlugins (0ms)
			BeforeProcessingInitializeOnLoad (103ms)
			ProcessInitializeOnLoadAttributes (227ms)
			ProcessInitializeOnLoadMethodAttributes (21ms)
			AfterProcessingInitializeOnLoad (18ms)
			EditorAssembliesLoaded (0ms)
		ExecutionOrderSort2 (0ms)
		AwakeInstancesAfterBackupRestoration (5ms)
Refreshing native plugins compatible for Editor in 16.21 ms, found 3 plugins.
Preloading 0 native plugins for Editor in 0.00 ms.
Unloading 3561 Unused Serialized files (Serialized files now loaded: 0)
Unloading 41 unused Assets / (40.4 KB). Loaded Objects now: 4085.
Memory consumption went from 141.6 MB to 141.5 MB.
Total: 2.670400 ms (FindLiveObjects: 0.241600 ms CreateObjectMapping: 0.191300 ms MarkObjects: 2.174000 ms  DeleteObjects: 0.062600 ms)

Prepare: number of updated asset objects reloaded= 1
AssetImportParameters requested are different than current active one (requested -> active):
  custom:container-demuxer-ogg: 62fdf1f143b41e24485cea50d1cbac27 -> 
  custom:video-decoder-ogg-theora: a1e56fd34408186e4bbccfd4996cb3dc -> 
  custom:framework-win-MediaFoundation: 216162199b28c13a410421893ffa2e32 -> 
  custom:CustomObjectIndexerAttribute: 756ad292c208cfabdd7b50bc23989ffe -> 
  custom:container-demuxer-webm: 4f35f7cbe854078d1ac9338744f61a02 -> 
  custom:container-muxer-webm: aa71ff27fc2769a1b78a27578f13a17b -> 
  custom:video-decoder-webm-vp8: 9c59270c3fd7afecdb556c50c9e8de78 -> 
  custom:SearchIndexIgnoredProperties: e643bd26f0fe6173181afceb89e7c659 -> 
  custom:AudioImporter_EditorPlatform: d09bf68614088b80899f8185d706f6e7 -> 
  custom:video-encoder-webm-vp8: eb34c28f22e8b96e1ab97ce403110664 -> 
  custom:audio-decoder-ogg-vorbis: bf7c407c2cedff20999df2af8eb42d56 -> 
  custom:audio-encoder-webm-vorbis: bf7c407c2cedff20999df2af8eb42d56 -> 
========================================================================
Received Import Request.
  Time since last request: 34.757114 seconds.
  path: Assets/Standard Assets/ParticleSystems/Materials/ParticleDuststorm.mat
  artifactKey: Guid(7911795df27dd464190eed77dda90191) Importer(815301076,1909f56bfc062723c751e8b465ee728b)
Start importing Assets/Standard Assets/ParticleSystems/Materials/ParticleDuststorm.mat using Guid(7911795df27dd464190eed77dda90191) Importer(815301076,1909f56bfc062723c751e8b465ee728b)  -> (artifact id: 'f0529b7b6c1d60dbe7c163360f912c8e') in 0.085473 seconds
Number of updated asset objects reloaded before import = 0
Number of asset objects unloaded after import = 1
========================================================================
Received Import Request.
  Time since last request: 16.182642 seconds.
  path: Assets/Adaptive Performance/AdaptivePerformanceGeneralSettings.asset
  artifactKey: Guid(36097408bca03e64b831da70a682330c) Importer(815301076,1909f56bfc062723c751e8b465ee728b)
Start importing Assets/Adaptive Performance/AdaptivePerformanceGeneralSettings.asset using Guid(36097408bca03e64b831da70a682330c) Importer(815301076,1909f56bfc062723c751e8b465ee728b)  -> (artifact id: 'a4b0804c49aef29d49c48d6fd4f14a33') in 0.006798 seconds
Number of updated asset objects reloaded before import = 0
Number of asset objects unloaded after import = 6
========================================================================
Received Import Request.
  Time since last request: 19.043929 seconds.
  path: Assets/Scenes/GameScene.unity
  artifactKey: Guid(2ed05837991653d44b1261923aa15b93) Importer(815301076,1909f56bfc062723c751e8b465ee728b)
Start importing Assets/Scenes/GameScene.unity using Guid(2ed05837991653d44b1261923aa15b93) Importer(815301076,1909f56bfc062723c751e8b465ee728b)  -> (artifact id: '82f4756593b992467119e7f26d7c6460') in 0.000688 seconds
Number of updated asset objects reloaded before import = 0
Number of asset objects unloaded after import = 0
========================================================================
Received Import Request.
  Time since last request: 34.078660 seconds.
  path: Assets/desert-environment/Desert Environment.unitypackage
  artifactKey: Guid(7c9d1a4df17f62a439d549b42a4b38d9) Importer(815301076,1909f56bfc062723c751e8b465ee728b)
Start importing Assets/desert-environment/Desert Environment.unitypackage using Guid(7c9d1a4df17f62a439d549b42a4b38d9) Importer(815301076,1909f56bfc062723c751e8b465ee728b)  -> (artifact id: '4b9feb49ffb881b55f54503e7a5481f6') in 0.001023 seconds
Number of updated asset objects reloaded before import = 0
Number of asset objects unloaded after import = 1
========================================================================
Received Prepare
Begin MonoManager ReloadAssembly
- Loaded All Assemblies, in  1.191 seconds
Refreshing native plugins compatible for Editor in 36.29 ms, found 3 plugins.
Native extension for WindowsStandalone target not found
Native extension for Android target not found
[Package Manager] Server::EnsureServerProcessIsRunning -- launch failed, reason: Unity was launched with the -noUpm command-line argument
[Package Manager] UpmClient::Send -- Unable to send message (not connected to UPM process).
[Package Manager] Cannot connect to Unity Package Manager local server
Mono: successfully reloaded assembly
[Package Manager] Server::EnsureServerProcessIsRunning -- launch failed, reason: Unity was launched with the -noUpm command-line argument
[Package Manager] UpmClient::Send -- Unable to send message (not connected to UPM process).
[Package Manager] Cannot connect to Unity Package Manager local server
- Finished resetting the current domain, in  2.235 seconds
Domain Reload Profiling: 3407ms
	BeginReloadAssembly (227ms)
		ExecutionOrderSort (0ms)
		DisableScriptedObjects (4ms)
		BackupInstance (0ms)
		ReleaseScriptingObjects (0ms)
		CreateAndSetChildDomain (39ms)
	RebuildCommonClasses (44ms)
	RebuildNativeTypeToScriptingClass (12ms)
	initialDomainReloadingComplete (67ms)
	LoadAllAssembliesAndSetupDomain (822ms)
		LoadAssemblies (896ms)
		RebuildTransferFunctionScriptingTraits (0ms)
		AnalyzeDomain (68ms)
			TypeCache.Refresh (25ms)
				TypeCache.ScanAssembly (6ms)
			ScanForSourceGeneratedMonoScriptInfo (19ms)
			ResolveRequiredComponents (21ms)
	FinalizeReload (2235ms)
		ReleaseScriptCaches (0ms)
		RebuildScriptCaches (0ms)
		SetupLoadedEditorAssemblies (451ms)
			LogAssemblyErrors (0ms)
			InitializePlatformSupportModulesInManaged (30ms)
			SetLoadedEditorAssemblies (5ms)
			RefreshPlugins (0ms)
			BeforeProcessingInitializeOnLoad (114ms)
			ProcessInitializeOnLoadAttributes (258ms)
			ProcessInitializeOnLoadMethodAttributes (22ms)
			AfterProcessingInitializeOnLoad (22ms)
			EditorAssembliesLoaded (0ms)
		ExecutionOrderSort2 (0ms)
		AwakeInstancesAfterBackupRestoration (5ms)
Refreshing native plugins compatible for Editor in 21.54 ms, found 3 plugins.
Preloading 0 native plugins for Editor in 0.00 ms.
Unloading 3690 Unused Serialized files (Serialized files now loaded: 0)
Unloading 108 unused Assets / (5.6 MB). Loaded Objects now: 4150.
Memory consumption went from 166.5 MB to 160.8 MB.
Total: 5.074700 ms (FindLiveObjects: 0.449900 ms CreateObjectMapping: 0.244900 ms MarkObjects: 2.347300 ms  DeleteObjects: 2.031600 ms)

Prepare: number of updated asset objects reloaded= 0
AssetImportParameters requested are different than current active one (requested -> active):
  custom:container-demuxer-ogg: 62fdf1f143b41e24485cea50d1cbac27 -> 
  custom:video-decoder-ogg-theora: a1e56fd34408186e4bbccfd4996cb3dc -> 
  custom:framework-win-MediaFoundation: 216162199b28c13a410421893ffa2e32 -> 
  custom:CustomObjectIndexerAttribute: 756ad292c208cfabdd7b50bc23989ffe -> 
  custom:container-demuxer-webm: 4f35f7cbe854078d1ac9338744f61a02 -> 
  custom:container-muxer-webm: aa71ff27fc2769a1b78a27578f13a17b -> 
  custom:video-decoder-webm-vp8: 9c59270c3fd7afecdb556c50c9e8de78 -> 
  custom:SearchIndexIgnoredProperties: e643bd26f0fe6173181afceb89e7c659 -> 
  custom:AudioImporter_EditorPlatform: d09bf68614088b80899f8185d706f6e7 -> 
  custom:video-encoder-webm-vp8: eb34c28f22e8b96e1ab97ce403110664 -> 
  custom:audio-decoder-ogg-vorbis: bf7c407c2cedff20999df2af8eb42d56 -> 
  custom:audio-encoder-webm-vorbis: bf7c407c2cedff20999df2af8eb42d56 -> 
========================================================================
Received Prepare
Begin MonoManager ReloadAssembly
- Loaded All Assemblies, in  0.708 seconds
Refreshing native plugins compatible for Editor in 19.35 ms, found 3 plugins.
Native extension for WindowsStandalone target not found
Native extension for Android target not found
[Package Manager] Server::EnsureServerProcessIsRunning -- launch failed, reason: Unity was launched with the -noUpm command-line argument
[Package Manager] UpmClient::Send -- Unable to send message (not connected to UPM process).
[Package Manager] Cannot connect to Unity Package Manager local server
Mono: successfully reloaded assembly
[Package Manager] Server::EnsureServerProcessIsRunning -- launch failed, reason: Unity was launched with the -noUpm command-line argument
[Package Manager] UpmClient::Send -- Unable to send message (not connected to UPM process).
[Package Manager] Cannot connect to Unity Package Manager local server
- Finished resetting the current domain, in  1.562 seconds
Domain Reload Profiling: 2258ms
	BeginReloadAssembly (201ms)
		ExecutionOrderSort (0ms)
		DisableScriptedObjects (5ms)
		BackupInstance (0ms)
		ReleaseScriptingObjects (0ms)
		CreateAndSetChildDomain (27ms)
	RebuildCommonClasses (37ms)
	RebuildNativeTypeToScriptingClass (13ms)
	initialDomainReloadingComplete (47ms)
	LoadAllAssembliesAndSetupDomain (397ms)
		LoadAssemblies (513ms)
		RebuildTransferFunctionScriptingTraits (0ms)
		AnalyzeDomain (16ms)
			TypeCache.Refresh (5ms)
				TypeCache.ScanAssembly (0ms)
			ScanForSourceGeneratedMonoScriptInfo (0ms)
			ResolveRequiredComponents (10ms)
	FinalizeReload (1563ms)
		ReleaseScriptCaches (0ms)
		RebuildScriptCaches (0ms)
		SetupLoadedEditorAssemblies (564ms)
			LogAssemblyErrors (0ms)
			InitializePlatformSupportModulesInManaged (43ms)
			SetLoadedEditorAssemblies (5ms)
			RefreshPlugins (0ms)
			BeforeProcessingInitializeOnLoad (123ms)
			ProcessInitializeOnLoadAttributes (332ms)
			ProcessInitializeOnLoadMethodAttributes (32ms)
			AfterProcessingInitializeOnLoad (29ms)
			EditorAssembliesLoaded (0ms)
		ExecutionOrderSort2 (0ms)
		AwakeInstancesAfterBackupRestoration (7ms)
Refreshing native plugins compatible for Editor in 21.64 ms, found 3 plugins.
Preloading 0 native plugins for Editor in 0.00 ms.
Unloading 3691 Unused Serialized files (Serialized files now loaded: 0)
Unloading 108 unused Assets / (5.6 MB). Loaded Objects now: 4154.
Memory consumption went from 168.7 MB to 163.1 MB.
Total: 5.841100 ms (FindLiveObjects: 0.472400 ms CreateObjectMapping: 0.281000 ms MarkObjects: 2.789200 ms  DeleteObjects: 2.297100 ms)

Prepare: number of updated asset objects reloaded= 0
AssetImportParameters requested are different than current active one (requested -> active):
  custom:container-demuxer-ogg: 62fdf1f143b41e24485cea50d1cbac27 -> 
  custom:video-decoder-ogg-theora: a1e56fd34408186e4bbccfd4996cb3dc -> 
  custom:framework-win-MediaFoundation: 216162199b28c13a410421893ffa2e32 -> 
  custom:CustomObjectIndexerAttribute: 756ad292c208cfabdd7b50bc23989ffe -> 
  custom:container-demuxer-webm: 4f35f7cbe854078d1ac9338744f61a02 -> 
  custom:container-muxer-webm: aa71ff27fc2769a1b78a27578f13a17b -> 
  custom:video-decoder-webm-vp8: 9c59270c3fd7afecdb556c50c9e8de78 -> 
  custom:SearchIndexIgnoredProperties: e643bd26f0fe6173181afceb89e7c659 -> 
  custom:AudioImporter_EditorPlatform: d09bf68614088b80899f8185d706f6e7 -> 
  custom:video-encoder-webm-vp8: eb34c28f22e8b96e1ab97ce403110664 -> 
  custom:audio-decoder-ogg-vorbis: bf7c407c2cedff20999df2af8eb42d56 -> 
  custom:audio-encoder-webm-vorbis: bf7c407c2cedff20999df2af8eb42d56 -> 
========================================================================
Received Import Request.
  Time since last request: 58.325302 seconds.
  path: Assets/Scenes/LobbyScene.unity
  artifactKey: Guid(406274ce148864e42a77567e30ef70d9) Importer(815301076,1909f56bfc062723c751e8b465ee728b)
Start importing Assets/Scenes/LobbyScene.unity using Guid(406274ce148864e42a77567e30ef70d9) Importer(815301076,1909f56bfc062723c751e8b465ee728b)  -> (artifact id: 'a08424f6c81974d0e6a247f312f4b9bc') in 0.001615 seconds
Number of updated asset objects reloaded before import = 0
Number of asset objects unloaded after import = 0
========================================================================
Received Prepare
Begin MonoManager ReloadAssembly
- Loaded All Assemblies, in  0.751 seconds
Refreshing native plugins compatible for Editor in 18.76 ms, found 3 plugins.
Native extension for WindowsStandalone target not found
Native extension for Android target not found
[Package Manager] Server::EnsureServerProcessIsRunning -- launch failed, reason: Unity was launched with the -noUpm command-line argument
[Package Manager] UpmClient::Send -- Unable to send message (not connected to UPM process).
[Package Manager] Cannot connect to Unity Package Manager local server
Mono: successfully reloaded assembly
[Package Manager] Server::EnsureServerProcessIsRunning -- launch failed, reason: Unity was launched with the -noUpm command-line argument
[Package Manager] UpmClient::Send -- Unable to send message (not connected to UPM process).
[Package Manager] Cannot connect to Unity Package Manager local server
- Finished resetting the current domain, in  1.550 seconds
Domain Reload Profiling: 2288ms
	BeginReloadAssembly (195ms)
		ExecutionOrderSort (0ms)
		DisableScriptedObjects (4ms)
		BackupInstance (0ms)
		ReleaseScriptingObjects (0ms)
		CreateAndSetChildDomain (31ms)
	RebuildCommonClasses (33ms)
	RebuildNativeTypeToScriptingClass (11ms)
	initialDomainReloadingComplete (52ms)
	LoadAllAssembliesAndSetupDomain (446ms)
		LoadAssemblies (550ms)
		RebuildTransferFunctionScriptingTraits (0ms)
		AnalyzeDomain (16ms)
			TypeCache.Refresh (5ms)
				TypeCache.ScanAssembly (0ms)
			ScanForSourceGeneratedMonoScriptInfo (0ms)
			ResolveRequiredComponents (10ms)
	FinalizeReload (1551ms)
		ReleaseScriptCaches (0ms)
		RebuildScriptCaches (0ms)
		SetupLoadedEditorAssemblies (539ms)
			LogAssemblyErrors (0ms)
			InitializePlatformSupportModulesInManaged (41ms)
			SetLoadedEditorAssemblies (6ms)
			RefreshPlugins (0ms)
			BeforeProcessingInitializeOnLoad (131ms)
			ProcessInitializeOnLoadAttributes (308ms)
			ProcessInitializeOnLoadMethodAttributes (27ms)
			AfterProcessingInitializeOnLoad (26ms)
			EditorAssembliesLoaded (0ms)
		ExecutionOrderSort2 (0ms)
		AwakeInstancesAfterBackupRestoration (7ms)
Refreshing native plugins compatible for Editor in 20.96 ms, found 3 plugins.
Preloading 0 native plugins for Editor in 0.00 ms.
Unloading 3691 Unused Serialized files (Serialized files now loaded: 0)
Unloading 108 unused Assets / (5.6 MB). Loaded Objects now: 4158.
Memory consumption went from 170.7 MB to 165.1 MB.
Total: 4.930300 ms (FindLiveObjects: 0.239300 ms CreateObjectMapping: 0.190100 ms MarkObjects: 2.575600 ms  DeleteObjects: 1.924100 ms)

Prepare: number of updated asset objects reloaded= 0
AssetImportParameters requested are different than current active one (requested -> active):
  custom:container-demuxer-ogg: 62fdf1f143b41e24485cea50d1cbac27 -> 
  custom:video-decoder-ogg-theora: a1e56fd34408186e4bbccfd4996cb3dc -> 
  custom:framework-win-MediaFoundation: 216162199b28c13a410421893ffa2e32 -> 
  custom:CustomObjectIndexerAttribute: 756ad292c208cfabdd7b50bc23989ffe -> 
  custom:container-demuxer-webm: 4f35f7cbe854078d1ac9338744f61a02 -> 
  custom:container-muxer-webm: aa71ff27fc2769a1b78a27578f13a17b -> 
  custom:video-decoder-webm-vp8: 9c59270c3fd7afecdb556c50c9e8de78 -> 
  custom:SearchIndexIgnoredProperties: e643bd26f0fe6173181afceb89e7c659 -> 
  custom:AudioImporter_EditorPlatform: d09bf68614088b80899f8185d706f6e7 -> 
  custom:video-encoder-webm-vp8: eb34c28f22e8b96e1ab97ce403110664 -> 
  custom:audio-decoder-ogg-vorbis: bf7c407c2cedff20999df2af8eb42d56 -> 
  custom:audio-encoder-webm-vorbis: bf7c407c2cedff20999df2af8eb42d56 -> 
========================================================================
Received Import Request.
  Time since last request: 31.175131 seconds.
  path: Assets/Prefabs/Hit Effect Prefab.prefab
  artifactKey: Guid(5d5e505f9feb08a46b571d2c266f5f52) Importer(815301076,1909f56bfc062723c751e8b465ee728b)
Start importing Assets/Prefabs/Hit Effect Prefab.prefab using Guid(5d5e505f9feb08a46b571d2c266f5f52) Importer(815301076,1909f56bfc062723c751e8b465ee728b)  -> (artifact id: 'ca374e8c49b6d0d58ba8f522190b26dd') in 0.066358 seconds
Number of updated asset objects reloaded before import = 0
Number of asset objects unloaded after import = 13
========================================================================
Received Import Request.
  Time since last request: 1.832309 seconds.
  path: Assets/Resources/PlayerPrefab.prefab
  artifactKey: Guid(e71cb3dda656e384db754883a2d4ec33) Importer(815301076,1909f56bfc062723c751e8b465ee728b)
Start importing Assets/Resources/PlayerPrefab.prefab using Guid(e71cb3dda656e384db754883a2d4ec33) Importer(815301076,1909f56bfc062723c751e8b465ee728b)  -> (artifact id: '293d44e31fe5eafcdd45de1a5b621e98') in 0.122422 seconds
Number of updated asset objects reloaded before import = 0
Number of asset objects unloaded after import = 610
========================================================================
Received Import Request.
  Time since last request: 25.020903 seconds.
  path: Assets/Swat Models and Animations/modern-weapons
  artifactKey: Guid(864b702b2ebd9ad4890b8ab53053407c) Importer(815301076,1909f56bfc062723c751e8b465ee728b)
Start importing Assets/Swat Models and Animations/modern-weapons using Guid(864b702b2ebd9ad4890b8ab53053407c) Importer(815301076,1909f56bfc062723c751e8b465ee728b)  -> (artifact id: 'ac331ea4355a78b93529eff55ea90861') in 0.001098 seconds
Number of updated asset objects reloaded before import = 0
Number of asset objects unloaded after import = 0
========================================================================
Received Import Request.
  Time since last request: 3.774758 seconds.
  path: Assets/Swat Models and Animations/SWAT Folders and Animations/crouching turn 90 left.fbx
  artifactKey: Guid(c1e0b3c5ba21d50488d216e74c6ff6ce) Importer(815301076,1909f56bfc062723c751e8b465ee728b)
Start importing Assets/Swat Models and Animations/SWAT Folders and Animations/crouching turn 90 left.fbx using Guid(c1e0b3c5ba21d50488d216e74c6ff6ce) Importer(815301076,1909f56bfc062723c751e8b465ee728b)  -> (artifact id: 'b4f0d40bb5353090a71c44dfa275444b') in 0.006384 seconds
Number of updated asset objects reloaded before import = 0
Number of asset objects unloaded after import = 143
========================================================================
Received Import Request.
  Time since last request: 0.006410 seconds.
  path: Assets/Swat Models and Animations/SWAT Folders and Animations/death from front headshot.fbx
  artifactKey: Guid(7a4391e928899c545b2228a30276fab3) Importer(815301076,1909f56bfc062723c751e8b465ee728b)
Start importing Assets/Swat Models and Animations/SWAT Folders and Animations/death from front headshot.fbx using Guid(7a4391e928899c545b2228a30276fab3) Importer(815301076,1909f56bfc062723c751e8b465ee728b)  -> (artifact id: '6a88e3d9d6d591805ae260f4a37a5c00') in 0.007707 seconds
Number of updated asset objects reloaded before import = 0
Number of asset objects unloaded after import = 143
========================================================================
Received Import Request.
  Time since last request: 0.000011 seconds.
  path: Assets/Swat Models and Animations/SWAT Folders and Animations/death from the back.fbx
  artifactKey: Guid(2300368913d831c4c9c42c86d17a8569) Importer(815301076,1909f56bfc062723c751e8b465ee728b)
Start importing Assets/Swat Models and Animations/SWAT Folders and Animations/death from the back.fbx using Guid(2300368913d831c4c9c42c86d17a8569) Importer(815301076,1909f56bfc062723c751e8b465ee728b)  -> (artifact id: 'a702f5b5911195201d3256002b21549d') in 0.009189 seconds
Number of updated asset objects reloaded before import = 0
Number of asset objects unloaded after import = 143
========================================================================
Received Import Request.
  Time since last request: 0.000014 seconds.
  path: Assets/Swat Models and Animations/SWAT Folders and Animations/run forward right.fbx
  artifactKey: Guid(d4ade66db4307944482df17f1feda830) Importer(815301076,1909f56bfc062723c751e8b465ee728b)
Start importing Assets/Swat Models and Animations/SWAT Folders and Animations/run forward right.fbx using Guid(d4ade66db4307944482df17f1feda830) Importer(815301076,1909f56bfc062723c751e8b465ee728b)  -> (artifact id: 'f903eed0c968e3ea9095dcc38c730dce') in 0.015739 seconds
Number of updated asset objects reloaded before import = 0
Number of asset objects unloaded after import = 145
========================================================================
Received Import Request.
  Time since last request: 0.000017 seconds.
  path: Assets/Swat Models and Animations/SWAT Folders and Animations/jump up.fbx
  artifactKey: Guid(a36a7fc8fa41333408823a9fad5de79e) Importer(815301076,1909f56bfc062723c751e8b465ee728b)
Start importing Assets/Swat Models and Animations/SWAT Folders and Animations/jump up.fbx using Guid(a36a7fc8fa41333408823a9fad5de79e) Importer(815301076,1909f56bfc062723c751e8b465ee728b)  -> (artifact id: '0fb676bcec4e43820558d9574ef8a899') in 0.005357 seconds
Number of updated asset objects reloaded before import = 0
Number of asset objects unloaded after import = 143
========================================================================
Received Import Request.
  Time since last request: 0.000014 seconds.
  path: Assets/Swat Models and Animations/SWAT Folders and Animations/Swat.fbx
  artifactKey: Guid(2bbea1602a55a39419ce4333a9662acb) Importer(815301076,1909f56bfc062723c751e8b465ee728b)
Start importing Assets/Swat Models and Animations/SWAT Folders and Animations/Swat.fbx using Guid(2bbea1602a55a39419ce4333a9662acb) Importer(815301076,1909f56bfc062723c751e8b465ee728b)  -> (artifact id: 'd7930792d2c4c9b7ffd92077e25dffdb') in 0.066457 seconds
Number of updated asset objects reloaded before import = 0
Number of asset objects unloaded after import = 158
========================================================================
Received Import Request.
  Time since last request: 0.000021 seconds.
  path: Assets/Swat Models and Animations/SWAT Folders and Animations/sprint backward.fbx
  artifactKey: Guid(3b6b5dfacf1ee134fb02fe3555d45e71) Importer(815301076,1909f56bfc062723c751e8b465ee728b)
Start importing Assets/Swat Models and Animations/SWAT Folders and Animations/sprint backward.fbx using Guid(3b6b5dfacf1ee134fb02fe3555d45e71) Importer(815301076,1909f56bfc062723c751e8b465ee728b)  -> (artifact id: '4389aa0c85d22d24f900d883126cadb7') in 0.005288 seconds
Number of updated asset objects reloaded before import = 0
Number of asset objects unloaded after import = 143
========================================================================
Received Import Request.
  Time since last request: 0.000021 seconds.
  path: Assets/Swat Models and Animations/SWAT Folders and Animations/run backward left.fbx
  artifactKey: Guid(a132619fdca31094c90784e2267e6113) Importer(815301076,1909f56bfc062723c751e8b465ee728b)
Start importing Assets/Swat Models and Animations/SWAT Folders and Animations/run backward left.fbx using Guid(a132619fdca31094c90784e2267e6113) Importer(815301076,1909f56bfc062723c751e8b465ee728b)  -> (artifact id: '577a850eee6af3781743b6cb152bf207') in 0.006387 seconds
Number of updated asset objects reloaded before import = 0
Number of asset objects unloaded after import = 145
========================================================================
Received Import Request.
  Time since last request: 0.000017 seconds.
  path: Assets/Swat Models and Animations/SWAT Folders and Animations/sprint forward left.fbx
  artifactKey: Guid(ae61d553ec808154aa284af929c27611) Importer(815301076,1909f56bfc062723c751e8b465ee728b)
Start importing Assets/Swat Models and Animations/SWAT Folders and Animations/sprint forward left.fbx using Guid(ae61d553ec808154aa284af929c27611) Importer(815301076,1909f56bfc062723c751e8b465ee728b)  -> (artifact id: 'd403591c37d7ff0217c584b5f9b573b9') in 0.017748 seconds
Number of updated asset objects reloaded before import = 0
Number of asset objects unloaded after import = 143
========================================================================
Received Import Request.
  Time since last request: 0.000016 seconds.
  path: Assets/Swat Models and Animations/SWAT Folders and Animations/walk crouching backward right.fbx
  artifactKey: Guid(b0aebf9ae6861e548a0dfeb220788ce6) Importer(815301076,1909f56bfc062723c751e8b465ee728b)
Start importing Assets/Swat Models and Animations/SWAT Folders and Animations/walk crouching backward right.fbx using Guid(b0aebf9ae6861e548a0dfeb220788ce6) Importer(815301076,1909f56bfc062723c751e8b465ee728b)  -> (artifact id: '7526c99ec0e795b1000beab13c892b0d') in 0.006679 seconds
Number of updated asset objects reloaded before import = 0
Number of asset objects unloaded after import = 143
========================================================================
Received Import Request.
  Time since last request: 0.000017 seconds.
  path: Assets/Swat Models and Animations/SWAT Folders and Animations/run right.fbx
  artifactKey: Guid(6f6dd037fb153e643bd7ece3984af2eb) Importer(815301076,1909f56bfc062723c751e8b465ee728b)
Start importing Assets/Swat Models and Animations/SWAT Folders and Animations/run right.fbx using Guid(6f6dd037fb153e643bd7ece3984af2eb) Importer(815301076,1909f56bfc062723c751e8b465ee728b)  -> (artifact id: '2d0be91b5f034112479fcbd807067d83') in 0.007350 seconds
Number of updated asset objects reloaded before import = 0
Number of asset objects unloaded after import = 145
========================================================================
Received Import Request.
  Time since last request: 0.000015 seconds.
  path: Assets/Swat Models and Animations/SWAT Folders and Animations/walk left.fbx
  artifactKey: Guid(c0198aa65cb52c44e952550627bef97b) Importer(815301076,1909f56bfc062723c751e8b465ee728b)
Start importing Assets/Swat Models and Animations/SWAT Folders and Animations/walk left.fbx using Guid(c0198aa65cb52c44e952550627bef97b) Importer(815301076,1909f56bfc062723c751e8b465ee728b)  -> (artifact id: '44c09fb5ff85c3b4ecb282f7068b9093') in 0.006404 seconds
Number of updated asset objects reloaded before import = 0
Number of asset objects unloaded after import = 145
========================================================================
Received Import Request.
  Time since last request: 0.000017 seconds.
  path: Assets/Swat Models and Animations/SWAT Folders and Animations/sprint right.fbx
  artifactKey: Guid(ea392e1197bdbfe49bd5188bffdf48e0) Importer(815301076,1909f56bfc062723c751e8b465ee728b)
Start importing Assets/Swat Models and Animations/SWAT Folders and Animations/sprint right.fbx using Guid(ea392e1197bdbfe49bd5188bffdf48e0) Importer(815301076,1909f56bfc062723c751e8b465ee728b)  -> (artifact id: 'a87be5662518c931b5026aa3be6bc5c9') in 0.005382 seconds
Number of updated asset objects reloaded before import = 0
Number of asset objects unloaded after import = 143
========================================================================
Received Import Request.
  Time since last request: 0.000014 seconds.
  path: Assets/Swat Models and Animations/SWAT Folders and Animations/run forward left.fbx
  artifactKey: Guid(4a30f3f122cf0d147ad2e747016799e4) Importer(815301076,1909f56bfc062723c751e8b465ee728b)
Start importing Assets/Swat Models and Animations/SWAT Folders and Animations/run forward left.fbx using Guid(4a30f3f122cf0d147ad2e747016799e4) Importer(815301076,1909f56bfc062723c751e8b465ee728b)  -> (artifact id: '3fb00d3e1849fa7be82799e1e4d20df6') in 0.006369 seconds
Number of updated asset objects reloaded before import = 0
Number of asset objects unloaded after import = 145
========================================================================
Received Import Request.
  Time since last request: 0.000013 seconds.
  path: Assets/Swat Models and Animations/SWAT Folders and Animations/sprint backward right.fbx
  artifactKey: Guid(75f729910a9b2bd4eb9e2613d1b2264e) Importer(815301076,1909f56bfc062723c751e8b465ee728b)
Start importing Assets/Swat Models and Animations/SWAT Folders and Animations/sprint backward right.fbx using Guid(75f729910a9b2bd4eb9e2613d1b2264e) Importer(815301076,1909f56bfc062723c751e8b465ee728b)  -> (artifact id: 'ee688fda27f836b181b728a39fe04970') in 0.005082 seconds
Number of updated asset objects reloaded before import = 0
Number of asset objects unloaded after import = 143
========================================================================
Received Import Request.
  Time since last request: 0.000015 seconds.
  path: Assets/Swat Models and Animations/SWAT Folders and Animations/jump loop.fbx
  artifactKey: Guid(a2be814a3d15a0e43bd798747a8ea3d0) Importer(815301076,1909f56bfc062723c751e8b465ee728b)
Start importing Assets/Swat Models and Animations/SWAT Folders and Animations/jump loop.fbx using Guid(a2be814a3d15a0e43bd798747a8ea3d0) Importer(815301076,1909f56bfc062723c751e8b465ee728b)  -> (artifact id: '344f5a5832a6f2705efdb83c785fda54') in 0.005293 seconds
Number of updated asset objects reloaded before import = 0
Number of asset objects unloaded after import = 143
========================================================================
Received Import Request.
  Time since last request: 0.000014 seconds.
  path: Assets/Swat Models and Animations/SWAT Folders and Animations/walk forward.fbx
  artifactKey: Guid(4b1eeecb277e9604fb791040e2a757ff) Importer(815301076,1909f56bfc062723c751e8b465ee728b)
Start importing Assets/Swat Models and Animations/SWAT Folders and Animations/walk forward.fbx using Guid(4b1eeecb277e9604fb791040e2a757ff) Importer(815301076,1909f56bfc062723c751e8b465ee728b)  -> (artifact id: 'a7f78b22917b923d7a5f93b049600db9') in 0.004934 seconds
Number of updated asset objects reloaded before import = 0
Number of asset objects unloaded after import = 145
========================================================================
Received Import Request.
  Time since last request: 0.000014 seconds.
  path: Assets/Swat Models and Animations/SWAT Folders and Animations/walk crouching backward left.fbx
  artifactKey: Guid(8f607ae35c0af4b4abd7b1c9d3c65d90) Importer(815301076,1909f56bfc062723c751e8b465ee728b)
Start importing Assets/Swat Models and Animations/SWAT Folders and Animations/walk crouching backward left.fbx using Guid(8f607ae35c0af4b4abd7b1c9d3c65d90) Importer(815301076,1909f56bfc062723c751e8b465ee728b)  -> (artifact id: '7c025f359e97e0d894354bf07429cc92') in 0.005374 seconds
Number of updated asset objects reloaded before import = 0
Number of asset objects unloaded after import = 143
========================================================================
Received Import Request.
  Time since last request: 0.000014 seconds.
  path: Assets/Swat Models and Animations/SWAT Folders and Animations/sprint left.fbx
  artifactKey: Guid(9e38464ed79bb6a45abbd9c4cef4b371) Importer(815301076,1909f56bfc062723c751e8b465ee728b)
Start importing Assets/Swat Models and Animations/SWAT Folders and Animations/sprint left.fbx using Guid(9e38464ed79bb6a45abbd9c4cef4b371) Importer(815301076,1909f56bfc062723c751e8b465ee728b)  -> (artifact id: '0e419e201629fa4acd667a8316755681') in 0.006198 seconds
Number of updated asset objects reloaded before import = 0
Number of asset objects unloaded after import = 143
Editor requested this worker to shutdown with reason: Scaling down because of idle timeout
TcpMessagingSession - receive error: operation aborted. errorcode: 995, details: The I/O operation has been aborted because of either a thread exit or an application request.
AssetImportWorker is now disconnected from the server
Process exiting
Exiting without the bug reporter. Application will terminate with return code 0